<?xml version="1.0" encoding="UTF-8"?>
<!-- Generated by org.testng.reporters.JUnitReportReporter -->
<testsuite hostname="DESKTOP-BMHQQ4L" failures="0" tests="1" name="swaglabs.swaglabs.SwagLabsTest" time="0.023" errors="0" timestamp="2024-09-29T15:39:58 IST" skipped="0">
  <testcase classname="swaglabs.swaglabs.SwagLabsTest" name="purchaseAProduct" time="0.023"/>
</testsuite> <!-- swaglabs.swaglabs.SwagLabsTest -->
